attention_maps/attention_map_1.png
ViT-Original: FriedMusselPancakes(FriedMusselPancakes)
ViT-Food-101: FriedMusselPancakes(FriedMusselPancakes)
ViT-No-Pretraining: FriedMusselPancakes(FriedMusselPancakes)
VIT-Original-Data-Aug: FriedMusselPancakes(FriedMusselPancakes)

attention_maps/attention_map_2.png
ViT-Original: KkaoKlukKaphi(KkaoKlukKaphi)
ViT-Food-101: KkaoKlukKaphi(KkaoKlukKaphi)
ViT-No-Pretraining: KkaoKlukKaphi(KkaoKlukKaphi)
VIT-Original-Data-Aug: KkaoKlukKaphi(KkaoKlukKaphi)

attention_maps/attention_map_3.png
ViT-Original: LarbMoo(LarbMoo)
ViT-Food-101: LarbMoo(PhatKaphrao)
ViT-No-Pretraining: LarbMoo(KuaKling)
VIT-Original-Data-Aug: LarbMoo(LarbMoo)

attention_maps/attention_map_4.png
ViT-Original: PadPakRuamMit(PadPakRuamMit)
ViT-Food-101: PadPakRuamMit(PadPakRuamMit)
ViT-No-Pretraining: PadPakRuamMit(PadPakRuamMit)
VIT-Original-Data-Aug: PadPakRuamMit(PadPakRuamMit)

attention_maps/attention_map_5.png
ViT-Original: BitterMelonSoup(BitterMelonSoup)
ViT-Food-101: BitterMelonSoup(BitterMelonSoup)
ViT-No-Pretraining: BitterMelonSoup(KaoManGai)
VIT-Original-Data-Aug: BitterMelonSoup(BitterMelonSoup)

attention_maps/attention_map_6.png
ViT-Original: Yentafo(Yentafo)
ViT-Food-101: Yentafo(Yentafo)
ViT-No-Pretraining: Yentafo(StewedPorkLeg)
VIT-Original-Data-Aug: Yentafo(Yentafo)

attention_maps/attention_map_7.png
ViT-Original: Suki(Suki)
ViT-Food-101: Suki(Suki)
ViT-No-Pretraining: Suki(PhatKaphrao)
VIT-Original-Data-Aug: Suki(HoyLaiPrikPao)

attention_maps/attention_map_8.png
ViT-Original: CurriedFishCake(CurriedFishCake)
ViT-Food-101: CurriedFishCake(CurriedFishCake)
ViT-No-Pretraining: CurriedFishCake(KhaoMooTodGratiem)
VIT-Original-Data-Aug: CurriedFishCake(CurriedFishCake)

attention_maps/attention_map_9.png
ViT-Original: FriedKale(PadPakBung)
ViT-Food-101: FriedKale(FriedKale)
ViT-No-Pretraining: FriedKale(FriedKale)
VIT-Original-Data-Aug: FriedKale(PadPakBung)

attention_maps/attention_map_10.png
ViT-Original: GrilledQquid(GrilledQquid)
ViT-Food-101: GrilledQquid(GrilledQquid)
ViT-No-Pretraining: GrilledQquid(FriedMusselPancakes)
VIT-Original-Data-Aug: GrilledQquid(GrilledQquid)

attention_maps/attention_map_11.png
ViT-Original: HoyKraeng(HoyKraeng)
ViT-Food-101: HoyKraeng(HoyKraeng)
ViT-No-Pretraining: HoyKraeng(HoyKraeng)
VIT-Original-Data-Aug: HoyKraeng(HoyKraeng)

attention_maps/attention_map_12.png
ViT-Original: HoyLaiPrikPao(HoyLaiPrikPao)
ViT-Food-101: HoyLaiPrikPao(HoyLaiPrikPao)
ViT-No-Pretraining: HoyLaiPrikPao(BooPadPongali)
VIT-Original-Data-Aug: HoyLaiPrikPao(HoyLaiPrikPao)

attention_maps/attention_map_13.png
ViT-Original: KuayTeowReua(KuayTeowReua)
ViT-Food-101: KuayTeowReua(KuayTeowReua)
ViT-No-Pretraining: KuayTeowReua(HoyLaiPrikPao)
VIT-Original-Data-Aug: KuayTeowReua(KuayTeowReua)

attention_maps/attention_map_14.png
ViT-Original: Suki(Suki)
ViT-Food-101: Suki(Suki)
ViT-No-Pretraining: Suki(KkaoKlukKaphi)
VIT-Original-Data-Aug: Suki(Suki)

attention_maps/attention_map_15.png
ViT-Original: FriedChicken(FriedChicken)
ViT-Food-101: FriedChicken(FriedChicken)
ViT-No-Pretraining: FriedChicken(FriedChicken)
VIT-Original-Data-Aug: FriedChicken(FriedChicken)

attention_maps/attention_map_16.png
ViT-Original: CurriedFishCake(CurriedFishCake)
ViT-Food-101: CurriedFishCake(CurriedFishCake)
ViT-No-Pretraining: CurriedFishCake(FriedChicken)
VIT-Original-Data-Aug: CurriedFishCake(CurriedFishCake)

attention_maps/attention_map_17.png
ViT-Original: PadPakBung(Somtam)
ViT-Food-101: PadPakBung(PadPakBung)
ViT-No-Pretraining: PadPakBung(YamWoonSen)
VIT-Original-Data-Aug: PadPakBung(PadPakBung)

attention_maps/attention_map_18.png
ViT-Original: TomYumGoong(TomYumGoong)
ViT-Food-101: TomYumGoong(TomYumGoong)
ViT-No-Pretraining: TomYumGoong(TomYumGoong)
VIT-Original-Data-Aug: TomYumGoong(TomYumGoong)

attention_maps/attention_map_19.png
ViT-Original: GaengKeawWan(GaengKeawWan)
ViT-Food-101: GaengKeawWan(GaengKeawWan)
ViT-No-Pretraining: GaengKeawWan(GaengKeawWan)
VIT-Original-Data-Aug: GaengKeawWan(GaengKeawWan)

attention_maps/attention_map_20.png
ViT-Original: HoyLaiPrikPao(HoyLaiPrikPao)
ViT-Food-101: HoyLaiPrikPao(HoyLaiPrikPao)
ViT-No-Pretraining: HoyLaiPrikPao(FriedMusselPancakes)
VIT-Original-Data-Aug: HoyLaiPrikPao(HoyLaiPrikPao)

